<?xml version="1.0" encoding="UTF-8"?>
<testsuite xmlns:xsi="http://www.w3.org/2001/XMLSchema-instance" xsi:noNamespaceSchemaLocation="https://maven.apache.org/surefire/maven-surefire-plugin/xsd/surefire-test-report.xsd" name="com.sg.shared.service.ServiceLayerTest" time="6.522" tests="3" errors="0" skipped="0" failures="0">
  <properties>
[...]
</properties>
  <testcase name="testFindAll" classname="com.sg.shared.service.ServiceLayerTest" time="0.43"/>
  <testcase name="testDeleteById" classname="com.sg.shared.service.ServiceLayerTest" time="0.068"/>
  <testcase name="testSaveAndFindById" classname="com.sg.shared.service.ServiceLayerTest" time="0.012"/>
</testsuite>